<?xml version="1.0" encoding="UTF-8"?>
<!-- Generated by org.testng.reporters.JUnitReportReporter -->
<testsuite hostname="DESKTOP-707FQN2" failures="0" tests="1" name="Tests.AmazonTest" time="81.625" errors="0" timestamp="2025-01-05T17:57:45 EET" skipped="0">
  <testcase classname="Tests.AmazonTest" name="testvidGamesPurchase" time="81.625"/>
  <system-out/>
</testsuite> <!-- Tests.AmazonTest -->
